<?xml version="1.0" encoding="UTF-8" ?>
<testsuite failures="0" time="30.56" errors="1" skipped="0" tests="1" name="junit.framework.TestSuite@48b91881">
  <properties>
    <property name="java.runtime.name" value="Java(TM) SE Runtime Environment"/>
    <property name="sun.boot.library.path" value="/Library/Java/JavaVirtualMachines/jdk1.7.0_12.jdk/Contents/Home/jre/lib"/>
    <property name="java.vm.version" value="24.0-b28"/>
    <property name="user.country.format" value="ZA"/>
    <property name="gopherProxySet" value="false"/>
    <property name="java.vm.vendor" value="Oracle Corporation"/>
    <property name="java.vendor.url" value="http://java.oracle.com/"/>
    <property name="path.separator" value=":"/>
    <property name="java.vm.name" value="Java HotSpot(TM) 64-Bit Server VM"/>
    <property name="file.encoding.pkg" value="sun.io"/>
    <property name="user.country" value="US"/>
    <property name="sun.java.launcher" value="SUN_STANDARD"/>
    <property name="sun.os.patch.level" value="unknown"/>
    <property name="surefire.reports" value="/Users/michaelbester/privateworkspace/brewtour/target/surefire-reports"/>
    <property name="java.vm.specification.name" value="Java Virtual Machine Specification"/>
    <property name="user.dir" value="/Users/michaelbester/privateworkspace/brewtour"/>
    <property name="java.runtime.version" value="1.7.0_12-ea-b08"/>
    <property name="org.mortbay.log.class" value="com.google.gwt.dev.shell.jetty.JettyNullLogger"/>
    <property name="java.awt.graphicsenv" value="sun.awt.CGraphicsEnvironment"/>
    <property name="java.endorsed.dirs" value="/Library/Java/JavaVirtualMachines/jdk1.7.0_12.jdk/Contents/Home/jre/lib/endorsed"/>
    <property name="os.arch" value="x86_64"/>
    <property name="java.io.tmpdir" value="/var/folders/4z/py820p2924ggxfnfmwcrq0tr0000gp/T/"/>
    <property name="line.separator" value="
"/>
    <property name="java.vm.specification.vendor" value="Oracle Corporation"/>
    <property name="os.name" value="Mac OS X"/>
    <property name="com.apple.eawt.CocoaComponent.CompatibilityMode" value="false"/>
    <property name="sun.jnu.encoding" value="US-ASCII"/>
    <property name="java.library.path" value="/Users/michaelbester/Library/Java/Extensions:/Library/Java/Extensions:/Network/Library/Java/Extensions:/System/Library/Java/Extensions:/usr/lib/java:."/>
    <property name="gwt.args" value="-out target/www-test -runStyle Manual:1 "/>
    <property name="java.specification.name" value="Java Platform API Specification"/>
    <property name="java.class.version" value="51.0"/>
    <property name="sun.management.compiler" value="HotSpot 64-Bit Tiered Compilers"/>
    <property name="os.version" value="10.7.5"/>
    <property name="http.nonProxyHosts" value="local|*.local|169.254/16|*.169.254/16"/>
    <property name="user.home" value="/Users/michaelbester"/>
    <property name="user.timezone" value=""/>
    <property name="java.awt.printerjob" value="sun.lwawt.macosx.CPrinterJob"/>
    <property name="java.specification.version" value="1.7"/>
    <property name="file.encoding" value="US-ASCII"/>
    <property name="user.name" value="michaelbester"/>
    <property name="java.class.path" value="/Users/michaelbester/privateworkspace/brewtour/target/brewtour-1.0-SNAPSHOT/WEB-INF/classes:/Users/michaelbester/privateworkspace/brewtour/src/main/java:/Users/michaelbester/privateworkspace/brewtour/target/generated-sources/gwt:/Users/michaelbester/privateworkspace/brewtour/src/test/java:/Users/michaelbester/privateworkspace/brewtour/src/test/resources:/Users/michaelbester/privateworkspace/brewtour/target/test-classes:/Users/michaelbester/.m2/repository/com/google/gwt/gwt-servlet/2.5.1-rc1/gwt-servlet-2.5.1-rc1.jar:/Users/michaelbester/.m2/repository/com/google/gwt/gwt-user/2.5.1-rc1/gwt-user-2.5.1-rc1.jar:/Users/michaelbester/.m2/repository/org/json/json/20090211/json-20090211.jar:/Users/michaelbester/.m2/repository/junit/junit/4.7/junit-4.7.jar:/Users/michaelbester/.m2/repository/javax/validation/validation-api/1.0.0.GA/validation-api-1.0.0.GA.jar:/Users/michaelbester/.m2/repository/javax/validation/validation-api/1.0.0.GA/validation-api-1.0.0.GA-sources.jar:/Users/michaelbester/.m2/repository/org/codehaus/mojo/gwt-maven-plugin/2.5.1-rc1/gwt-maven-plugin-2.5.1-rc1.jar:/Users/michaelbester/.m2/repository/org/apache/maven/surefire/surefire-api/2.4.3/surefire-api-2.4.3.jar:/Users/michaelbester/.m2/repository/com/google/gwt/gwt-user/2.5.1-rc1/gwt-user-2.5.1-rc1.jar:/Users/michaelbester/.m2/repository/com/google/gwt/gwt-dev/2.5.1-rc1/gwt-dev-2.5.1-rc1.jar"/>
    <property name="build.compiler" value="org.eclipse.jdt.core.JDTCompilerAdapter"/>
    <property name="java.vm.specification.version" value="1.7"/>
    <property name="sun.arch.data.model" value="64"/>
    <property name="java.home" value="/Library/Java/JavaVirtualMachines/jdk1.7.0_12.jdk/Contents/Home/jre"/>
    <property name="sun.java.command" value="org.codehaus.mojo.gwt.test.MavenTestRunner za.co.brewtour.client.GwtTestBrewTour"/>
    <property name="java.specification.vendor" value="Oracle Corporation"/>
    <property name="user.language" value="en"/>
    <property name="awt.toolkit" value="sun.lwawt.macosx.LWCToolkit"/>
    <property name="java.vm.info" value="mixed mode"/>
    <property name="java.version" value="1.7.0_12-ea"/>
    <property name="java.ext.dirs" value="/Users/michaelbester/Library/Java/Extensions:/Library/Java/JavaVirtualMachines/jdk1.7.0_12.jdk/Contents/Home/jre/lib/ext:/Library/Java/Extensions:/Network/Library/Java/Extensions:/System/Library/Java/Extensions:/usr/lib/java"/>
    <property name="sun.boot.class.path" value="/Library/Java/JavaVirtualMachines/jdk1.7.0_12.jdk/Contents/Home/jre/lib/resources.jar:/Library/Java/JavaVirtualMachines/jdk1.7.0_12.jdk/Contents/Home/jre/lib/rt.jar:/Library/Java/JavaVirtualMachines/jdk1.7.0_12.jdk/Contents/Home/jre/lib/sunrsasign.jar:/Library/Java/JavaVirtualMachines/jdk1.7.0_12.jdk/Contents/Home/jre/lib/jsse.jar:/Library/Java/JavaVirtualMachines/jdk1.7.0_12.jdk/Contents/Home/jre/lib/jce.jar:/Library/Java/JavaVirtualMachines/jdk1.7.0_12.jdk/Contents/Home/jre/lib/charsets.jar:/Library/Java/JavaVirtualMachines/jdk1.7.0_12.jdk/Contents/Home/jre/lib/jfr.jar:/Library/Java/JavaVirtualMachines/jdk1.7.0_12.jdk/Contents/Home/jre/lib/JObjC.jar:/Library/Java/JavaVirtualMachines/jdk1.7.0_12.jdk/Contents/Home/jre/classes"/>
    <property name="java.vendor" value="Oracle Corporation"/>
    <property name="file.separator" value="/"/>
    <property name="java.vendor.url.bug" value="http://bugreport.sun.com/bugreport/"/>
    <property name="sun.cpu.endian" value="little"/>
    <property name="sun.io.unicode.encoding" value="UnicodeBig"/>
    <property name="socksNonProxyHosts" value="local|*.local|169.254/16|*.169.254/16"/>
    <property name="ftp.nonProxyHosts" value="local|*.local|169.254/16|*.169.254/16"/>
    <property name="sun.cpu.isalist" value=""/>
  </properties>
  <testcase time="30.55" classname="za.co.brewtour.client.GwtTestBrewTour" name="testGreetingService">
    <error message="Unable to resolve my address" type="com.google.gwt.junit.JUnitFatalLaunchException">com.google.gwt.junit.JUnitFatalLaunchException: Unable to resolve my address
	at com.google.gwt.junit.JUnitShell.getUnitTestShell(JUnitShell.java:705)
	at com.google.gwt.junit.JUnitShell.runTest(JUnitShell.java:652)
	at com.google.gwt.junit.client.GWTTestCase.runTest(GWTTestCase.java:441)
	at junit.framework.TestCase.runBare(TestCase.java:134)
	at junit.framework.TestResult$1.protect(TestResult.java:110)
	at junit.framework.TestResult.runProtected(TestResult.java:128)
	at junit.framework.TestResult.run(TestResult.java:113)
	at junit.framework.TestCase.run(TestCase.java:124)
	at com.google.gwt.junit.client.GWTTestCase.run(GWTTestCase.java:296)
	at junit.framework.TestSuite.runTest(TestSuite.java:232)
	at junit.framework.TestSuite.run(TestSuite.java:227)
	at junit.framework.TestSuite.runTest(TestSuite.java:232)
	at junit.framework.TestSuite.run(TestSuite.java:227)
	at org.codehaus.mojo.gwt.test.MavenTestRunner.doRun(MavenTestRunner.java:105)
	at junit.textui.TestRunner.start(TestRunner.java:180)
	at org.codehaus.mojo.gwt.test.MavenTestRunner.main(MavenTestRunner.java:63)
Caused by: java.net.UnknownHostException: poepgesigte: poepgesigte: nodename nor servname provided, or not known
	at java.net.InetAddress.getLocalHost(InetAddress.java:1438)
	at com.google.gwt.junit.JUnitShell.getUnitTestShell(JUnitShell.java:703)
	... 15 more
Caused by: java.net.UnknownHostException: poepgesigte: nodename nor servname provided, or not known
	at java.net.Inet6AddressImpl.lookupAllHostAddr(Native Method)
	at java.net.InetAddress$1.lookupAllHostAddr(InetAddress.java:866)
	at java.net.InetAddress.getAddressesFromNameService(InetAddress.java:1258)
	at java.net.InetAddress.getLocalHost(InetAddress.java:1434)
	... 16 more
</error>
  </testcase>
</testsuite>